终端机在文法中未使用

   LCOM
   RCOM


状态 7冲突：1 项偏移/归约
状态 22冲突：1 项偏移/归约
状态 31冲突：3 项偏移/归约
状态 49冲突：3 项偏移/归约
状态 51冲突：11 项偏移/归约
状态 73冲突：1 项偏移/归约
状态 81冲突：1 项偏移/归约
状态 82冲突：11 项偏移/归约
状态 83冲突：1 项偏移/归约
状态 99冲突：1 项偏移/归约


语法

    0 $accept: Program $end

    1 Program: ExtDefList

    2 ExtDefList: %empty
    3           | ExtDef ExtDefList

    4 ExtDef: Specifier ExtDecList SEMI
    5       | Specifier SEMI
    6       | Specifier FunDec CompSt
    7       | error FunDec CompSt
    8       | error SEMI
    9       | error RP
   10       | error RC
   11       | Specifier error CompSt
   12       | Specifier ExtDecList
   13       | Specifier

   14 ExtDecList: VarDec
   15           | VarDec COMMA ExtDecList

   16 Specifier: TYPE
   17          | StructSpecifier

   18 StructSpecifier: STRUCT OptTag LC DefList RC
   19                | STRUCT Tag
   20                | STRUCT error RC
   21                | error OptTag LC DefList RC

   22 OptTag: %empty
   23       | ID

   24 Tag: ID

   25 VarDec: ID
   26       | VarDec LB INT RB
   27       | VarDec LB error RB

   28 FunDec: ID LP VarList RP
   29       | ID LP RP
   30       | ID LP error RP
   31       | ID error RP

   32 VarList: ParamDec COMMA VarList
   33        | ParamDec

   34 ParamDec: Specifier VarDec

   35 CompSt: LC DefList StmtList RC
   36       | LC DefList StmtList
   37       | error RC

   38 StmtList: %empty
   39         | Stmt StmtList

   40 Stmt: Exp SEMI
   41     | CompSt
   42     | RETURN Exp SEMI
   43     | IF LP Exp RP Stmt
   44     | IF LP Exp RP Stmt ELSE Stmt
   45     | IF error ELSE Stmt
   46     | WHILE LP Exp RP Stmt
   47     | WHILE error RP
   48     | WHILE error RC
   49     | error SEMI
   50     | Exp
   51     | RETURN Exp

   52 DefList: %empty
   53        | Def DefList

   54 Def: Specifier DecList SEMI
   55    | Specifier error SEMI
   56    | error DecList SEMI
   57    | Specifier DecList

   58 DecList: Dec
   59        | Dec COMMA DecList

   60 Dec: VarDec
   61    | VarDec ASSIGNOP Exp

   62 Exp: Exp ASSIGNOP Exp
   63    | Exp AND Exp
   64    | Exp OR Exp
   65    | Exp RELOP Exp
   66    | Exp PLUS Exp
   67    | Exp MINUS Exp
   68    | Exp STAR Exp
   69    | Exp DIV Exp
   70    | LP Exp RP
   71    | MINUS Exp
   72    | NOT Exp
   73    | ID LP Args RP
   74    | ID LP RP
   75    | Exp LB Exp RB
   76    | Exp DOT ID
   77    | ID
   78    | INT
   79    | FLOAT
   80    | Exp ASSIGNOP error SEMI
   81    | Exp AND error SEMI
   82    | Exp OR error SEMI
   83    | Exp RELOP error SEMI
   84    | Exp PLUS error SEMI
   85    | Exp MINUS error SEMI
   86    | Exp STAR error SEMI
   87    | Exp DIV error SEMI
   88    | ID LP error SEMI
   89    | Exp LB error RB

   90 Args: Exp COMMA Args
   91     | Exp


终结语词，附有它们出现处的规则

$end (0) 0
error (256) 7 8 9 10 11 20 21 27 30 31 37 45 47 48 49 55 56 80 81 82
    83 84 85 86 87 88 89
INT <type_tree> (258) 26 78
FLOAT <type_tree> (259) 79
ID <type_tree> (260) 23 24 25 28 29 30 31 73 74 76 77 88
SEMI <type_tree> (261) 4 5 8 40 42 49 54 55 56 80 81 82 83 84 85 86
    87 88
COMMA <type_tree> (262) 15 32 59 90
ASSIGNOP <type_tree> (263) 61 62 80
RELOP <type_tree> (264) 65 83
PLUS <type_tree> (265) 66 84
MINUS <type_tree> (266) 67 71 85
STAR <type_tree> (267) 68 86
DIV <type_tree> (268) 69 87
AND <type_tree> (269) 63 81
OR <type_tree> (270) 64 82
NOT <type_tree> (271) 72
DOT <type_tree> (272) 76
TYPE <type_tree> (273) 16
LP <type_tree> (274) 28 29 30 43 44 46 70 73 74 88
RP <type_tree> (275) 9 28 29 30 31 43 44 46 47 70 73 74
LB <type_tree> (276) 26 27 75 89
RB <type_tree> (277) 26 27 75 89
LC <type_tree> (278) 18 21 35 36
RC <type_tree> (279) 10 18 20 21 35 37 48
STRUCT <type_tree> (280) 18 19 20
RETURN <type_tree> (281) 42 51
IF <type_tree> (282) 43 44 45
ELSE <type_tree> (283) 44 45
WHILE <type_tree> (284) 46 47 48
LCOM <type_tree> (285)
RCOM <type_tree> (286)
LOWER_THAN_ELSE (287)


非终结语词，附有它们出现处的规则

$accept (33)
    于左侧： 0
Program <type_tree> (34)
    于左侧： 1, 于右侧： 0
ExtDefList <type_tree> (35)
    于左侧： 2 3, 于右侧： 1 3
ExtDef <type_tree> (36)
    于左侧： 4 5 6 7 8 9 10 11 12 13, 于右侧： 3
ExtDecList <type_tree> (37)
    于左侧： 14 15, 于右侧： 4 12 15
Specifier <type_tree> (38)
    于左侧： 16 17, 于右侧： 4 5 6 11 12 13 34 54 55 57
StructSpecifier <type_tree> (39)
    于左侧： 18 19 20 21, 于右侧： 17
OptTag <type_tree> (40)
    于左侧： 22 23, 于右侧： 18 21
Tag <type_tree> (41)
    于左侧： 24, 于右侧： 19
VarDec <type_tree> (42)
    于左侧： 25 26 27, 于右侧： 14 15 26 27 34 60 61
FunDec <type_tree> (43)
    于左侧： 28 29 30 31, 于右侧： 6 7
VarList <type_tree> (44)
    于左侧： 32 33, 于右侧： 28 32
ParamDec <type_tree> (45)
    于左侧： 34, 于右侧： 32 33
CompSt <type_tree> (46)
    于左侧： 35 36 37, 于右侧： 6 7 11 41
StmtList <type_tree> (47)
    于左侧： 38 39, 于右侧： 35 36 39
Stmt <type_tree> (48)
    于左侧： 40 41 42 43 44 45 46 47 48 49 50 51, 于右侧：
    39 43 44 45 46
DefList <type_tree> (49)
    于左侧： 52 53, 于右侧： 18 21 35 36 53
Def <type_tree> (50)
    于左侧： 54 55 56 57, 于右侧： 53
DecList <type_tree> (51)
    于左侧： 58 59, 于右侧： 54 56 57 59
Dec <type_tree> (52)
    于左侧： 60 61, 于右侧： 58 59
Exp <type_tree> (53)
    于左侧： 62 63 64 65 66 67 68 69 70 71 72 73 74 75 76 77 78
    79 80 81 82 83 84 85 86 87 88 89, 于右侧： 40 42 43 44 46 50
    51 61 62 63 64 65 66 67 68 69 70 71 72 75 76 80 81 82 83 84 85
    86 87 89 90 91
Args <type_tree> (54)
    于左侧： 90 91, 于右侧： 73 90


状态 0

    0 $accept: . Program $end

    error   偏移，并进入状态 1
    TYPE    偏移，并进入状态 2
    STRUCT  偏移，并进入状态 3

    $end  使用规则 2 以归约 (ExtDefList)

    Program          转到状态 4
    ExtDefList       转到状态 5
    ExtDef           转到状态 6
    Specifier        转到状态 7
    StructSpecifier  转到状态 8


状态 1

    7 ExtDef: error . FunDec CompSt
    8       | error . SEMI
    9       | error . RP
   10       | error . RC
   21 StructSpecifier: error . OptTag LC DefList RC

    ID    偏移，并进入状态 9
    SEMI  偏移，并进入状态 10
    RP    偏移，并进入状态 11
    RC    偏移，并进入状态 12

    $default  使用规则 22 以归约 (OptTag)

    OptTag  转到状态 13
    FunDec  转到状态 14


状态 2

   16 Specifier: TYPE .

    $default  使用规则 16 以归约 (Specifier)


状态 3

   18 StructSpecifier: STRUCT . OptTag LC DefList RC
   19                | STRUCT . Tag
   20                | STRUCT . error RC

    error  偏移，并进入状态 15
    ID     偏移，并进入状态 16

    LC  使用规则 22 以归约 (OptTag)

    OptTag  转到状态 17
    Tag     转到状态 18


状态 4

    0 $accept: Program . $end

    $end  偏移，并进入状态 19


状态 5

    1 Program: ExtDefList .

    $default  使用规则 1 以归约 (Program)


状态 6

    3 ExtDefList: ExtDef . ExtDefList

    error   偏移，并进入状态 1
    TYPE    偏移，并进入状态 2
    STRUCT  偏移，并进入状态 3

    $end  使用规则 2 以归约 (ExtDefList)

    ExtDefList       转到状态 20
    ExtDef           转到状态 6
    Specifier        转到状态 7
    StructSpecifier  转到状态 8


状态 7

    4 ExtDef: Specifier . ExtDecList SEMI
    5       | Specifier . SEMI
    6       | Specifier . FunDec CompSt
   11       | Specifier . error CompSt
   12       | Specifier . ExtDecList
   13       | Specifier .

    error  偏移，并进入状态 21
    ID     偏移，并进入状态 22
    SEMI   偏移，并进入状态 23

    $end    使用规则 13 以归约 (ExtDef)
    error   [使用规则 13 以归约 (ExtDef)]
    TYPE    使用规则 13 以归约 (ExtDef)
    STRUCT  使用规则 13 以归约 (ExtDef)

    ExtDecList  转到状态 24
    VarDec      转到状态 25
    FunDec      转到状态 26


状态 8

   17 Specifier: StructSpecifier .

    $default  使用规则 17 以归约 (Specifier)


状态 9

   23 OptTag: ID .
   28 FunDec: ID . LP VarList RP
   29       | ID . LP RP
   30       | ID . LP error RP
   31       | ID . error RP

    error  偏移，并进入状态 27
    LP     偏移，并进入状态 28

    LC  使用规则 23 以归约 (OptTag)


状态 10

    8 ExtDef: error SEMI .

    $default  使用规则 8 以归约 (ExtDef)


状态 11

    9 ExtDef: error RP .

    $default  使用规则 9 以归约 (ExtDef)


状态 12

   10 ExtDef: error RC .

    $default  使用规则 10 以归约 (ExtDef)


状态 13

   21 StructSpecifier: error OptTag . LC DefList RC

    LC  偏移，并进入状态 29


状态 14

    7 ExtDef: error FunDec . CompSt

    error  偏移，并进入状态 30
    LC     偏移，并进入状态 31

    CompSt  转到状态 32


状态 15

   20 StructSpecifier: STRUCT error . RC

    RC  偏移，并进入状态 33


状态 16

   23 OptTag: ID .
   24 Tag: ID .

    LC        使用规则 23 以归约 (OptTag)
    $default  使用规则 24 以归约 (Tag)


状态 17

   18 StructSpecifier: STRUCT OptTag . LC DefList RC

    LC  偏移，并进入状态 34


状态 18

   19 StructSpecifier: STRUCT Tag .

    $default  使用规则 19 以归约 (StructSpecifier)


状态 19

    0 $accept: Program $end .

    $default  接受


状态 20

    3 ExtDefList: ExtDef ExtDefList .

    $default  使用规则 3 以归约 (ExtDefList)


状态 21

   11 ExtDef: Specifier error . CompSt

    error  偏移，并进入状态 30
    LC     偏移，并进入状态 31

    CompSt  转到状态 35


状态 22

   25 VarDec: ID .
   28 FunDec: ID . LP VarList RP
   29       | ID . LP RP
   30       | ID . LP error RP
   31       | ID . error RP

    error  偏移，并进入状态 27
    LP     偏移，并进入状态 28

    $end    使用规则 25 以归约 (VarDec)
    error   [使用规则 25 以归约 (VarDec)]
    SEMI    使用规则 25 以归约 (VarDec)
    COMMA   使用规则 25 以归约 (VarDec)
    TYPE    使用规则 25 以归约 (VarDec)
    LB      使用规则 25 以归约 (VarDec)
    STRUCT  使用规则 25 以归约 (VarDec)


状态 23

    5 ExtDef: Specifier SEMI .

    $default  使用规则 5 以归约 (ExtDef)


状态 24

    4 ExtDef: Specifier ExtDecList . SEMI
   12       | Specifier ExtDecList .

    SEMI  偏移，并进入状态 36

    $default  使用规则 12 以归约 (ExtDef)


状态 25

   14 ExtDecList: VarDec .
   15           | VarDec . COMMA ExtDecList
   26 VarDec: VarDec . LB INT RB
   27       | VarDec . LB error RB

    COMMA  偏移，并进入状态 37
    LB     偏移，并进入状态 38

    $default  使用规则 14 以归约 (ExtDecList)


状态 26

    6 ExtDef: Specifier FunDec . CompSt

    error  偏移，并进入状态 30
    LC     偏移，并进入状态 31

    CompSt  转到状态 39


状态 27

   31 FunDec: ID error . RP

    RP  偏移，并进入状态 40


状态 28

   28 FunDec: ID LP . VarList RP
   29       | ID LP . RP
   30       | ID LP . error RP

    error   偏移，并进入状态 41
    TYPE    偏移，并进入状态 2
    RP      偏移，并进入状态 42
    STRUCT  偏移，并进入状态 3

    Specifier        转到状态 43
    StructSpecifier  转到状态 8
    VarList          转到状态 44
    ParamDec         转到状态 45


状态 29

   21 StructSpecifier: error OptTag LC . DefList RC

    error   偏移，并进入状态 46
    TYPE    偏移，并进入状态 2
    STRUCT  偏移，并进入状态 3

    RC  使用规则 52 以归约 (DefList)

    Specifier        转到状态 47
    StructSpecifier  转到状态 8
    DefList          转到状态 48
    Def              转到状态 49


状态 30

   37 CompSt: error . RC

    RC  偏移，并进入状态 50


状态 31

   35 CompSt: LC . DefList StmtList RC
   36       | LC . DefList StmtList

    error   偏移，并进入状态 46
    TYPE    偏移，并进入状态 2
    STRUCT  偏移，并进入状态 3

    $end    使用规则 52 以归约 (DefList)
    error   [使用规则 52 以归约 (DefList)]
    INT     使用规则 52 以归约 (DefList)
    FLOAT   使用规则 52 以归约 (DefList)
    ID      使用规则 52 以归约 (DefList)
    MINUS   使用规则 52 以归约 (DefList)
    NOT     使用规则 52 以归约 (DefList)
    TYPE    [使用规则 52 以归约 (DefList)]
    LP      使用规则 52 以归约 (DefList)
    LC      使用规则 52 以归约 (DefList)
    RC      使用规则 52 以归约 (DefList)
    STRUCT  [使用规则 52 以归约 (DefList)]
    RETURN  使用规则 52 以归约 (DefList)
    IF      使用规则 52 以归约 (DefList)
    ELSE    使用规则 52 以归约 (DefList)
    WHILE   使用规则 52 以归约 (DefList)

    Specifier        转到状态 47
    StructSpecifier  转到状态 8
    DefList          转到状态 51
    Def              转到状态 49


状态 32

    7 ExtDef: error FunDec CompSt .

    $default  使用规则 7 以归约 (ExtDef)


状态 33

   20 StructSpecifier: STRUCT error RC .

    $default  使用规则 20 以归约 (StructSpecifier)


状态 34

   18 StructSpecifier: STRUCT OptTag LC . DefList RC

    error   偏移，并进入状态 46
    TYPE    偏移，并进入状态 2
    STRUCT  偏移，并进入状态 3

    RC  使用规则 52 以归约 (DefList)

    Specifier        转到状态 47
    StructSpecifier  转到状态 8
    DefList          转到状态 52
    Def              转到状态 49


状态 35

   11 ExtDef: Specifier error CompSt .

    $default  使用规则 11 以归约 (ExtDef)


状态 36

    4 ExtDef: Specifier ExtDecList SEMI .

    $default  使用规则 4 以归约 (ExtDef)


状态 37

   15 ExtDecList: VarDec COMMA . ExtDecList

    ID  偏移，并进入状态 53

    ExtDecList  转到状态 54
    VarDec      转到状态 25


状态 38

   26 VarDec: VarDec LB . INT RB
   27       | VarDec LB . error RB

    error  偏移，并进入状态 55
    INT    偏移，并进入状态 56


状态 39

    6 ExtDef: Specifier FunDec CompSt .

    $default  使用规则 6 以归约 (ExtDef)


状态 40

   31 FunDec: ID error RP .

    $default  使用规则 31 以归约 (FunDec)


状态 41

   21 StructSpecifier: error . OptTag LC DefList RC
   30 FunDec: ID LP error . RP

    ID  偏移，并进入状态 57
    RP  偏移，并进入状态 58

    $default  使用规则 22 以归约 (OptTag)

    OptTag  转到状态 13


状态 42

   29 FunDec: ID LP RP .

    $default  使用规则 29 以归约 (FunDec)


状态 43

   34 ParamDec: Specifier . VarDec

    ID  偏移，并进入状态 53

    VarDec  转到状态 59


状态 44

   28 FunDec: ID LP VarList . RP

    RP  偏移，并进入状态 60


状态 45

   32 VarList: ParamDec . COMMA VarList
   33        | ParamDec .

    COMMA  偏移，并进入状态 61

    $default  使用规则 33 以归约 (VarList)


状态 46

   21 StructSpecifier: error . OptTag LC DefList RC
   56 Def: error . DecList SEMI

    ID  偏移，并进入状态 62

    $default  使用规则 22 以归约 (OptTag)

    OptTag   转到状态 13
    VarDec   转到状态 63
    DecList  转到状态 64
    Dec      转到状态 65


状态 47

   54 Def: Specifier . DecList SEMI
   55    | Specifier . error SEMI
   57    | Specifier . DecList

    error  偏移，并进入状态 66
    ID     偏移，并进入状态 53

    VarDec   转到状态 63
    DecList  转到状态 67
    Dec      转到状态 65


状态 48

   21 StructSpecifier: error OptTag LC DefList . RC

    RC  偏移，并进入状态 68


状态 49

   53 DefList: Def . DefList

    error   偏移，并进入状态 46
    TYPE    偏移，并进入状态 2
    STRUCT  偏移，并进入状态 3

    $end    使用规则 52 以归约 (DefList)
    error   [使用规则 52 以归约 (DefList)]
    INT     使用规则 52 以归约 (DefList)
    FLOAT   使用规则 52 以归约 (DefList)
    ID      使用规则 52 以归约 (DefList)
    MINUS   使用规则 52 以归约 (DefList)
    NOT     使用规则 52 以归约 (DefList)
    TYPE    [使用规则 52 以归约 (DefList)]
    LP      使用规则 52 以归约 (DefList)
    LC      使用规则 52 以归约 (DefList)
    RC      使用规则 52 以归约 (DefList)
    STRUCT  [使用规则 52 以归约 (DefList)]
    RETURN  使用规则 52 以归约 (DefList)
    IF      使用规则 52 以归约 (DefList)
    ELSE    使用规则 52 以归约 (DefList)
    WHILE   使用规则 52 以归约 (DefList)

    Specifier        转到状态 47
    StructSpecifier  转到状态 8
    DefList          转到状态 69
    Def              转到状态 49


状态 50

   37 CompSt: error RC .

    $default  使用规则 37 以归约 (CompSt)


状态 51

   35 CompSt: LC DefList . StmtList RC
   36       | LC DefList . StmtList

    error   偏移，并进入状态 70
    INT     偏移，并进入状态 71
    FLOAT   偏移，并进入状态 72
    ID      偏移，并进入状态 73
    MINUS   偏移，并进入状态 74
    NOT     偏移，并进入状态 75
    LP      偏移，并进入状态 76
    LC      偏移，并进入状态 31
    RETURN  偏移，并进入状态 77
    IF      偏移，并进入状态 78
    WHILE   偏移，并进入状态 79

    $end    使用规则 38 以归约 (StmtList)
    error   [使用规则 38 以归约 (StmtList)]
    INT     [使用规则 38 以归约 (StmtList)]
    FLOAT   [使用规则 38 以归约 (StmtList)]
    ID      [使用规则 38 以归约 (StmtList)]
    MINUS   [使用规则 38 以归约 (StmtList)]
    NOT     [使用规则 38 以归约 (StmtList)]
    TYPE    使用规则 38 以归约 (StmtList)
    LP      [使用规则 38 以归约 (StmtList)]
    LC      [使用规则 38 以归约 (StmtList)]
    RC      使用规则 38 以归约 (StmtList)
    STRUCT  使用规则 38 以归约 (StmtList)
    RETURN  [使用规则 38 以归约 (StmtList)]
    IF      [使用规则 38 以归约 (StmtList)]
    ELSE    使用规则 38 以归约 (StmtList)
    WHILE   [使用规则 38 以归约 (StmtList)]

    CompSt    转到状态 80
    StmtList  转到状态 81
    Stmt      转到状态 82
    Exp       转到状态 83


状态 52

   18 StructSpecifier: STRUCT OptTag LC DefList . RC

    RC  偏移，并进入状态 84


状态 53

   25 VarDec: ID .

    $default  使用规则 25 以归约 (VarDec)


状态 54

   15 ExtDecList: VarDec COMMA ExtDecList .

    $default  使用规则 15 以归约 (ExtDecList)


状态 55

   27 VarDec: VarDec LB error . RB

    RB  偏移，并进入状态 85


状态 56

   26 VarDec: VarDec LB INT . RB

    RB  偏移，并进入状态 86


状态 57

   23 OptTag: ID .

    $default  使用规则 23 以归约 (OptTag)


状态 58

   30 FunDec: ID LP error RP .

    $default  使用规则 30 以归约 (FunDec)


状态 59

   26 VarDec: VarDec . LB INT RB
   27       | VarDec . LB error RB
   34 ParamDec: Specifier VarDec .

    LB  偏移，并进入状态 38

    $default  使用规则 34 以归约 (ParamDec)


状态 60

   28 FunDec: ID LP VarList RP .

    $default  使用规则 28 以归约 (FunDec)


状态 61

   32 VarList: ParamDec COMMA . VarList

    error   偏移，并进入状态 87
    TYPE    偏移，并进入状态 2
    STRUCT  偏移，并进入状态 3

    Specifier        转到状态 43
    StructSpecifier  转到状态 8
    VarList          转到状态 88
    ParamDec         转到状态 45


状态 62

   23 OptTag: ID .
   25 VarDec: ID .

    LC        使用规则 23 以归约 (OptTag)
    $default  使用规则 25 以归约 (VarDec)


状态 63

   26 VarDec: VarDec . LB INT RB
   27       | VarDec . LB error RB
   60 Dec: VarDec .
   61    | VarDec . ASSIGNOP Exp

    ASSIGNOP  偏移，并进入状态 89
    LB        偏移，并进入状态 38

    $default  使用规则 60 以归约 (Dec)


状态 64

   56 Def: error DecList . SEMI

    SEMI  偏移，并进入状态 90


状态 65

   58 DecList: Dec .
   59        | Dec . COMMA DecList

    COMMA  偏移，并进入状态 91

    $default  使用规则 58 以归约 (DecList)


状态 66

   55 Def: Specifier error . SEMI

    SEMI  偏移，并进入状态 92


状态 67

   54 Def: Specifier DecList . SEMI
   57    | Specifier DecList .

    SEMI  偏移，并进入状态 93

    $default  使用规则 57 以归约 (Def)


状态 68

   21 StructSpecifier: error OptTag LC DefList RC .

    $default  使用规则 21 以归约 (StructSpecifier)


状态 69

   53 DefList: Def DefList .

    $default  使用规则 53 以归约 (DefList)


状态 70

   37 CompSt: error . RC
   49 Stmt: error . SEMI

    SEMI  偏移，并进入状态 94
    RC    偏移，并进入状态 50


状态 71

   78 Exp: INT .

    $default  使用规则 78 以归约 (Exp)


状态 72

   79 Exp: FLOAT .

    $default  使用规则 79 以归约 (Exp)


状态 73

   73 Exp: ID . LP Args RP
   74    | ID . LP RP
   77    | ID .
   88    | ID . LP error SEMI

    LP  偏移，并进入状态 95

    LP        [使用规则 77 以归约 (Exp)]
    $default  使用规则 77 以归约 (Exp)


状态 74

   71 Exp: MINUS . Exp

    INT    偏移，并进入状态 71
    FLOAT  偏移，并进入状态 72
    ID     偏移，并进入状态 73
    MINUS  偏移，并进入状态 74
    NOT    偏移，并进入状态 75
    LP     偏移，并进入状态 76

    Exp  转到状态 96


状态 75

   72 Exp: NOT . Exp

    INT    偏移，并进入状态 71
    FLOAT  偏移，并进入状态 72
    ID     偏移，并进入状态 73
    MINUS  偏移，并进入状态 74
    NOT    偏移，并进入状态 75
    LP     偏移，并进入状态 76

    Exp  转到状态 97


状态 76

   70 Exp: LP . Exp RP

    INT    偏移，并进入状态 71
    FLOAT  偏移，并进入状态 72
    ID     偏移，并进入状态 73
    MINUS  偏移，并进入状态 74
    NOT    偏移，并进入状态 75
    LP     偏移，并进入状态 76

    Exp  转到状态 98


状态 77

   42 Stmt: RETURN . Exp SEMI
   51     | RETURN . Exp

    INT    偏移，并进入状态 71
    FLOAT  偏移，并进入状态 72
    ID     偏移，并进入状态 73
    MINUS  偏移，并进入状态 74
    NOT    偏移，并进入状态 75
    LP     偏移，并进入状态 76

    Exp  转到状态 99


状态 78

   43 Stmt: IF . LP Exp RP Stmt
   44     | IF . LP Exp RP Stmt ELSE Stmt
   45     | IF . error ELSE Stmt

    error  偏移，并进入状态 100
    LP     偏移，并进入状态 101


状态 79

   46 Stmt: WHILE . LP Exp RP Stmt
   47     | WHILE . error RP
   48     | WHILE . error RC

    error  偏移，并进入状态 102
    LP     偏移，并进入状态 103


状态 80

   41 Stmt: CompSt .

    $default  使用规则 41 以归约 (Stmt)


状态 81

   35 CompSt: LC DefList StmtList . RC
   36       | LC DefList StmtList .

    RC  偏移，并进入状态 104

    RC        [使用规则 36 以归约 (CompSt)]
    $default  使用规则 36 以归约 (CompSt)


状态 82

   39 StmtList: Stmt . StmtList

    error   偏移，并进入状态 70
    INT     偏移，并进入状态 71
    FLOAT   偏移，并进入状态 72
    ID      偏移，并进入状态 73
    MINUS   偏移，并进入状态 74
    NOT     偏移，并进入状态 75
    LP      偏移，并进入状态 76
    LC      偏移，并进入状态 31
    RETURN  偏移，并进入状态 77
    IF      偏移，并进入状态 78
    WHILE   偏移，并进入状态 79

    $end    使用规则 38 以归约 (StmtList)
    error   [使用规则 38 以归约 (StmtList)]
    INT     [使用规则 38 以归约 (StmtList)]
    FLOAT   [使用规则 38 以归约 (StmtList)]
    ID      [使用规则 38 以归约 (StmtList)]
    MINUS   [使用规则 38 以归约 (StmtList)]
    NOT     [使用规则 38 以归约 (StmtList)]
    TYPE    使用规则 38 以归约 (StmtList)
    LP      [使用规则 38 以归约 (StmtList)]
    LC      [使用规则 38 以归约 (StmtList)]
    RC      使用规则 38 以归约 (StmtList)
    STRUCT  使用规则 38 以归约 (StmtList)
    RETURN  [使用规则 38 以归约 (StmtList)]
    IF      [使用规则 38 以归约 (StmtList)]
    ELSE    使用规则 38 以归约 (StmtList)
    WHILE   [使用规则 38 以归约 (StmtList)]

    CompSt    转到状态 80
    StmtList  转到状态 105
    Stmt      转到状态 82
    Exp       转到状态 83


状态 83

   40 Stmt: Exp . SEMI
   50     | Exp .
   62 Exp: Exp . ASSIGNOP Exp
   63    | Exp . AND Exp
   64    | Exp . OR Exp
   65    | Exp . RELOP Exp
   66    | Exp . PLUS Exp
   67    | Exp . MINUS Exp
   68    | Exp . STAR Exp
   69    | Exp . DIV Exp
   75    | Exp . LB Exp RB
   76    | Exp . DOT ID
   80    | Exp . ASSIGNOP error SEMI
   81    | Exp . AND error SEMI
   82    | Exp . OR error SEMI
   83    | Exp . RELOP error SEMI
   84    | Exp . PLUS error SEMI
   85    | Exp . MINUS error SEMI
   86    | Exp . STAR error SEMI
   87    | Exp . DIV error SEMI
   89    | Exp . LB error RB

    SEMI      偏移，并进入状态 106
    ASSIGNOP  偏移，并进入状态 107
    RELOP     偏移，并进入状态 108
    PLUS      偏移，并进入状态 109
    MINUS     偏移，并进入状态 110
    STAR      偏移，并进入状态 111
    DIV       偏移，并进入状态 112
    AND       偏移，并进入状态 113
    OR        偏移，并进入状态 114
    DOT       偏移，并进入状态 115
    LB        偏移，并进入状态 116

    MINUS     [使用规则 50 以归约 (Stmt)]
    $default  使用规则 50 以归约 (Stmt)


状态 84

   18 StructSpecifier: STRUCT OptTag LC DefList RC .

    $default  使用规则 18 以归约 (StructSpecifier)


状态 85

   27 VarDec: VarDec LB error RB .

    $default  使用规则 27 以归约 (VarDec)


状态 86

   26 VarDec: VarDec LB INT RB .

    $default  使用规则 26 以归约 (VarDec)


状态 87

   21 StructSpecifier: error . OptTag LC DefList RC

    ID  偏移，并进入状态 57

    $default  使用规则 22 以归约 (OptTag)

    OptTag  转到状态 13


状态 88

   32 VarList: ParamDec COMMA VarList .

    $default  使用规则 32 以归约 (VarList)


状态 89

   61 Dec: VarDec ASSIGNOP . Exp

    INT    偏移，并进入状态 71
    FLOAT  偏移，并进入状态 72
    ID     偏移，并进入状态 73
    MINUS  偏移，并进入状态 74
    NOT    偏移，并进入状态 75
    LP     偏移，并进入状态 76

    Exp  转到状态 117


状态 90

   56 Def: error DecList SEMI .

    $default  使用规则 56 以归约 (Def)


状态 91

   59 DecList: Dec COMMA . DecList

    ID  偏移，并进入状态 53

    VarDec   转到状态 63
    DecList  转到状态 118
    Dec      转到状态 65


状态 92

   55 Def: Specifier error SEMI .

    $default  使用规则 55 以归约 (Def)


状态 93

   54 Def: Specifier DecList SEMI .

    $default  使用规则 54 以归约 (Def)


状态 94

   49 Stmt: error SEMI .

    $default  使用规则 49 以归约 (Stmt)


状态 95

   73 Exp: ID LP . Args RP
   74    | ID LP . RP
   88    | ID LP . error SEMI

    error  偏移，并进入状态 119
    INT    偏移，并进入状态 71
    FLOAT  偏移，并进入状态 72
    ID     偏移，并进入状态 73
    MINUS  偏移，并进入状态 74
    NOT    偏移，并进入状态 75
    LP     偏移，并进入状态 76
    RP     偏移，并进入状态 120

    Exp   转到状态 121
    Args  转到状态 122


状态 96

   62 Exp: Exp . ASSIGNOP Exp
   63    | Exp . AND Exp
   64    | Exp . OR Exp
   65    | Exp . RELOP Exp
   66    | Exp . PLUS Exp
   67    | Exp . MINUS Exp
   68    | Exp . STAR Exp
   69    | Exp . DIV Exp
   71    | MINUS Exp .
   75    | Exp . LB Exp RB
   76    | Exp . DOT ID
   80    | Exp . ASSIGNOP error SEMI
   81    | Exp . AND error SEMI
   82    | Exp . OR error SEMI
   83    | Exp . RELOP error SEMI
   84    | Exp . PLUS error SEMI
   85    | Exp . MINUS error SEMI
   86    | Exp . STAR error SEMI
   87    | Exp . DIV error SEMI
   89    | Exp . LB error RB

    STAR  偏移，并进入状态 111
    DIV   偏移，并进入状态 112
    DOT   偏移，并进入状态 115
    LB    偏移，并进入状态 116

    $default  使用规则 71 以归约 (Exp)


状态 97

   62 Exp: Exp . ASSIGNOP Exp
   63    | Exp . AND Exp
   64    | Exp . OR Exp
   65    | Exp . RELOP Exp
   66    | Exp . PLUS Exp
   67    | Exp . MINUS Exp
   68    | Exp . STAR Exp
   69    | Exp . DIV Exp
   72    | NOT Exp .
   75    | Exp . LB Exp RB
   76    | Exp . DOT ID
   80    | Exp . ASSIGNOP error SEMI
   81    | Exp . AND error SEMI
   82    | Exp . OR error SEMI
   83    | Exp . RELOP error SEMI
   84    | Exp . PLUS error SEMI
   85    | Exp . MINUS error SEMI
   86    | Exp . STAR error SEMI
   87    | Exp . DIV error SEMI
   89    | Exp . LB error RB

    DOT  偏移，并进入状态 115
    LB   偏移，并进入状态 116

    $default  使用规则 72 以归约 (Exp)


状态 98

   62 Exp: Exp . ASSIGNOP Exp
   63    | Exp . AND Exp
   64    | Exp . OR Exp
   65    | Exp . RELOP Exp
   66    | Exp . PLUS Exp
   67    | Exp . MINUS Exp
   68    | Exp . STAR Exp
   69    | Exp . DIV Exp
   70    | LP Exp . RP
   75    | Exp . LB Exp RB
   76    | Exp . DOT ID
   80    | Exp . ASSIGNOP error SEMI
   81    | Exp . AND error SEMI
   82    | Exp . OR error SEMI
   83    | Exp . RELOP error SEMI
   84    | Exp . PLUS error SEMI
   85    | Exp . MINUS error SEMI
   86    | Exp . STAR error SEMI
   87    | Exp . DIV error SEMI
   89    | Exp . LB error RB

    ASSIGNOP  偏移，并进入状态 107
    RELOP     偏移，并进入状态 108
    PLUS      偏移，并进入状态 109
    MINUS     偏移，并进入状态 110
    STAR      偏移，并进入状态 111
    DIV       偏移，并进入状态 112
    AND       偏移，并进入状态 113
    OR        偏移，并进入状态 114
    DOT       偏移，并进入状态 115
    RP        偏移，并进入状态 123
    LB        偏移，并进入状态 116


状态 99

   42 Stmt: RETURN Exp . SEMI
   51     | RETURN Exp .
   62 Exp: Exp . ASSIGNOP Exp
   63    | Exp . AND Exp
   64    | Exp . OR Exp
   65    | Exp . RELOP Exp
   66    | Exp . PLUS Exp
   67    | Exp . MINUS Exp
   68    | Exp . STAR Exp
   69    | Exp . DIV Exp
   75    | Exp . LB Exp RB
   76    | Exp . DOT ID
   80    | Exp . ASSIGNOP error SEMI
   81    | Exp . AND error SEMI
   82    | Exp . OR error SEMI
   83    | Exp . RELOP error SEMI
   84    | Exp . PLUS error SEMI
   85    | Exp . MINUS error SEMI
   86    | Exp . STAR error SEMI
   87    | Exp . DIV error SEMI
   89    | Exp . LB error RB

    SEMI      偏移，并进入状态 124
    ASSIGNOP  偏移，并进入状态 107
    RELOP     偏移，并进入状态 108
    PLUS      偏移，并进入状态 109
    MINUS     偏移，并进入状态 110
    STAR      偏移，并进入状态 111
    DIV       偏移，并进入状态 112
    AND       偏移，并进入状态 113
    OR        偏移，并进入状态 114
    DOT       偏移，并进入状态 115
    LB        偏移，并进入状态 116

    MINUS     [使用规则 51 以归约 (Stmt)]
    $default  使用规则 51 以归约 (Stmt)


状态 100

   45 Stmt: IF error . ELSE Stmt

    ELSE  偏移，并进入状态 125


状态 101

   43 Stmt: IF LP . Exp RP Stmt
   44     | IF LP . Exp RP Stmt ELSE Stmt

    INT    偏移，并进入状态 71
    FLOAT  偏移，并进入状态 72
    ID     偏移，并进入状态 73
    MINUS  偏移，并进入状态 74
    NOT    偏移，并进入状态 75
    LP     偏移，并进入状态 76

    Exp  转到状态 126


状态 102

   47 Stmt: WHILE error . RP
   48     | WHILE error . RC

    RP  偏移，并进入状态 127
    RC  偏移，并进入状态 128


状态 103

   46 Stmt: WHILE LP . Exp RP Stmt

    INT    偏移，并进入状态 71
    FLOAT  偏移，并进入状态 72
    ID     偏移，并进入状态 73
    MINUS  偏移，并进入状态 74
    NOT    偏移，并进入状态 75
    LP     偏移，并进入状态 76

    Exp  转到状态 129


状态 104

   35 CompSt: LC DefList StmtList RC .

    $default  使用规则 35 以归约 (CompSt)


状态 105

   39 StmtList: Stmt StmtList .

    $default  使用规则 39 以归约 (StmtList)


状态 106

   40 Stmt: Exp SEMI .

    $default  使用规则 40 以归约 (Stmt)


状态 107

   62 Exp: Exp ASSIGNOP . Exp
   80    | Exp ASSIGNOP . error SEMI

    error  偏移，并进入状态 130
    INT    偏移，并进入状态 71
    FLOAT  偏移，并进入状态 72
    ID     偏移，并进入状态 73
    MINUS  偏移，并进入状态 74
    NOT    偏移，并进入状态 75
    LP     偏移，并进入状态 76

    Exp  转到状态 131


状态 108

   65 Exp: Exp RELOP . Exp
   83    | Exp RELOP . error SEMI

    error  偏移，并进入状态 132
    INT    偏移，并进入状态 71
    FLOAT  偏移，并进入状态 72
    ID     偏移，并进入状态 73
    MINUS  偏移，并进入状态 74
    NOT    偏移，并进入状态 75
    LP     偏移，并进入状态 76

    Exp  转到状态 133


状态 109

   66 Exp: Exp PLUS . Exp
   84    | Exp PLUS . error SEMI

    error  偏移，并进入状态 134
    INT    偏移，并进入状态 71
    FLOAT  偏移，并进入状态 72
    ID     偏移，并进入状态 73
    MINUS  偏移，并进入状态 74
    NOT    偏移，并进入状态 75
    LP     偏移，并进入状态 76

    Exp  转到状态 135


状态 110

   67 Exp: Exp MINUS . Exp
   85    | Exp MINUS . error SEMI

    error  偏移，并进入状态 136
    INT    偏移，并进入状态 71
    FLOAT  偏移，并进入状态 72
    ID     偏移，并进入状态 73
    MINUS  偏移，并进入状态 74
    NOT    偏移，并进入状态 75
    LP     偏移，并进入状态 76

    Exp  转到状态 137


状态 111

   68 Exp: Exp STAR . Exp
   86    | Exp STAR . error SEMI

    error  偏移，并进入状态 138
    INT    偏移，并进入状态 71
    FLOAT  偏移，并进入状态 72
    ID     偏移，并进入状态 73
    MINUS  偏移，并进入状态 74
    NOT    偏移，并进入状态 75
    LP     偏移，并进入状态 76

    Exp  转到状态 139


状态 112

   69 Exp: Exp DIV . Exp
   87    | Exp DIV . error SEMI

    error  偏移，并进入状态 140
    INT    偏移，并进入状态 71
    FLOAT  偏移，并进入状态 72
    ID     偏移，并进入状态 73
    MINUS  偏移，并进入状态 74
    NOT    偏移，并进入状态 75
    LP     偏移，并进入状态 76

    Exp  转到状态 141


状态 113

   63 Exp: Exp AND . Exp
   81    | Exp AND . error SEMI

    error  偏移，并进入状态 142
    INT    偏移，并进入状态 71
    FLOAT  偏移，并进入状态 72
    ID     偏移，并进入状态 73
    MINUS  偏移，并进入状态 74
    NOT    偏移，并进入状态 75
    LP     偏移，并进入状态 76

    Exp  转到状态 143


状态 114

   64 Exp: Exp OR . Exp
   82    | Exp OR . error SEMI

    error  偏移，并进入状态 144
    INT    偏移，并进入状态 71
    FLOAT  偏移，并进入状态 72
    ID     偏移，并进入状态 73
    MINUS  偏移，并进入状态 74
    NOT    偏移，并进入状态 75
    LP     偏移，并进入状态 76

    Exp  转到状态 145


状态 115

   76 Exp: Exp DOT . ID

    ID  偏移，并进入状态 146


状态 116

   75 Exp: Exp LB . Exp RB
   89    | Exp LB . error RB

    error  偏移，并进入状态 147
    INT    偏移，并进入状态 71
    FLOAT  偏移，并进入状态 72
    ID     偏移，并进入状态 73
    MINUS  偏移，并进入状态 74
    NOT    偏移，并进入状态 75
    LP     偏移，并进入状态 76

    Exp  转到状态 148


状态 117

   61 Dec: VarDec ASSIGNOP Exp .
   62 Exp: Exp . ASSIGNOP Exp
   63    | Exp . AND Exp
   64    | Exp . OR Exp
   65    | Exp . RELOP Exp
   66    | Exp . PLUS Exp
   67    | Exp . MINUS Exp
   68    | Exp . STAR Exp
   69    | Exp . DIV Exp
   75    | Exp . LB Exp RB
   76    | Exp . DOT ID
   80    | Exp . ASSIGNOP error SEMI
   81    | Exp . AND error SEMI
   82    | Exp . OR error SEMI
   83    | Exp . RELOP error SEMI
   84    | Exp . PLUS error SEMI
   85    | Exp . MINUS error SEMI
   86    | Exp . STAR error SEMI
   87    | Exp . DIV error SEMI
   89    | Exp . LB error RB

    ASSIGNOP  偏移，并进入状态 107
    RELOP     偏移，并进入状态 108
    PLUS      偏移，并进入状态 109
    MINUS     偏移，并进入状态 110
    STAR      偏移，并进入状态 111
    DIV       偏移，并进入状态 112
    AND       偏移，并进入状态 113
    OR        偏移，并进入状态 114
    DOT       偏移，并进入状态 115
    LB        偏移，并进入状态 116

    $default  使用规则 61 以归约 (Dec)


状态 118

   59 DecList: Dec COMMA DecList .

    $default  使用规则 59 以归约 (DecList)


状态 119

   88 Exp: ID LP error . SEMI

    SEMI  偏移，并进入状态 149


状态 120

   74 Exp: ID LP RP .

    $default  使用规则 74 以归约 (Exp)


状态 121

   62 Exp: Exp . ASSIGNOP Exp
   63    | Exp . AND Exp
   64    | Exp . OR Exp
   65    | Exp . RELOP Exp
   66    | Exp . PLUS Exp
   67    | Exp . MINUS Exp
   68    | Exp . STAR Exp
   69    | Exp . DIV Exp
   75    | Exp . LB Exp RB
   76    | Exp . DOT ID
   80    | Exp . ASSIGNOP error SEMI
   81    | Exp . AND error SEMI
   82    | Exp . OR error SEMI
   83    | Exp . RELOP error SEMI
   84    | Exp . PLUS error SEMI
   85    | Exp . MINUS error SEMI
   86    | Exp . STAR error SEMI
   87    | Exp . DIV error SEMI
   89    | Exp . LB error RB
   90 Args: Exp . COMMA Args
   91     | Exp .

    COMMA     偏移，并进入状态 150
    ASSIGNOP  偏移，并进入状态 107
    RELOP     偏移，并进入状态 108
    PLUS      偏移，并进入状态 109
    MINUS     偏移，并进入状态 110
    STAR      偏移，并进入状态 111
    DIV       偏移，并进入状态 112
    AND       偏移，并进入状态 113
    OR        偏移，并进入状态 114
    DOT       偏移，并进入状态 115
    LB        偏移，并进入状态 116

    $default  使用规则 91 以归约 (Args)


状态 122

   73 Exp: ID LP Args . RP

    RP  偏移，并进入状态 151


状态 123

   70 Exp: LP Exp RP .

    $default  使用规则 70 以归约 (Exp)


状态 124

   42 Stmt: RETURN Exp SEMI .

    $default  使用规则 42 以归约 (Stmt)


状态 125

   45 Stmt: IF error ELSE . Stmt

    error   偏移，并进入状态 70
    INT     偏移，并进入状态 71
    FLOAT   偏移，并进入状态 72
    ID      偏移，并进入状态 73
    MINUS   偏移，并进入状态 74
    NOT     偏移，并进入状态 75
    LP      偏移，并进入状态 76
    LC      偏移，并进入状态 31
    RETURN  偏移，并进入状态 77
    IF      偏移，并进入状态 78
    WHILE   偏移，并进入状态 79

    CompSt  转到状态 80
    Stmt    转到状态 152
    Exp     转到状态 83


状态 126

   43 Stmt: IF LP Exp . RP Stmt
   44     | IF LP Exp . RP Stmt ELSE Stmt
   62 Exp: Exp . ASSIGNOP Exp
   63    | Exp . AND Exp
   64    | Exp . OR Exp
   65    | Exp . RELOP Exp
   66    | Exp . PLUS Exp
   67    | Exp . MINUS Exp
   68    | Exp . STAR Exp
   69    | Exp . DIV Exp
   75    | Exp . LB Exp RB
   76    | Exp . DOT ID
   80    | Exp . ASSIGNOP error SEMI
   81    | Exp . AND error SEMI
   82    | Exp . OR error SEMI
   83    | Exp . RELOP error SEMI
   84    | Exp . PLUS error SEMI
   85    | Exp . MINUS error SEMI
   86    | Exp . STAR error SEMI
   87    | Exp . DIV error SEMI
   89    | Exp . LB error RB

    ASSIGNOP  偏移，并进入状态 107
    RELOP     偏移，并进入状态 108
    PLUS      偏移，并进入状态 109
    MINUS     偏移，并进入状态 110
    STAR      偏移，并进入状态 111
    DIV       偏移，并进入状态 112
    AND       偏移，并进入状态 113
    OR        偏移，并进入状态 114
    DOT       偏移，并进入状态 115
    RP        偏移，并进入状态 153
    LB        偏移，并进入状态 116


状态 127

   47 Stmt: WHILE error RP .

    $default  使用规则 47 以归约 (Stmt)


状态 128

   48 Stmt: WHILE error RC .

    $default  使用规则 48 以归约 (Stmt)


状态 129

   46 Stmt: WHILE LP Exp . RP Stmt
   62 Exp: Exp . ASSIGNOP Exp
   63    | Exp . AND Exp
   64    | Exp . OR Exp
   65    | Exp . RELOP Exp
   66    | Exp . PLUS Exp
   67    | Exp . MINUS Exp
   68    | Exp . STAR Exp
   69    | Exp . DIV Exp
   75    | Exp . LB Exp RB
   76    | Exp . DOT ID
   80    | Exp . ASSIGNOP error SEMI
   81    | Exp . AND error SEMI
   82    | Exp . OR error SEMI
   83    | Exp . RELOP error SEMI
   84    | Exp . PLUS error SEMI
   85    | Exp . MINUS error SEMI
   86    | Exp . STAR error SEMI
   87    | Exp . DIV error SEMI
   89    | Exp . LB error RB

    ASSIGNOP  偏移，并进入状态 107
    RELOP     偏移，并进入状态 108
    PLUS      偏移，并进入状态 109
    MINUS     偏移，并进入状态 110
    STAR      偏移，并进入状态 111
    DIV       偏移，并进入状态 112
    AND       偏移，并进入状态 113
    OR        偏移，并进入状态 114
    DOT       偏移，并进入状态 115
    RP        偏移，并进入状态 154
    LB        偏移，并进入状态 116


状态 130

   80 Exp: Exp ASSIGNOP error . SEMI

    SEMI  偏移，并进入状态 155


状态 131

   62 Exp: Exp . ASSIGNOP Exp
   62    | Exp ASSIGNOP Exp .
   63    | Exp . AND Exp
   64    | Exp . OR Exp
   65    | Exp . RELOP Exp
   66    | Exp . PLUS Exp
   67    | Exp . MINUS Exp
   68    | Exp . STAR Exp
   69    | Exp . DIV Exp
   75    | Exp . LB Exp RB
   76    | Exp . DOT ID
   80    | Exp . ASSIGNOP error SEMI
   81    | Exp . AND error SEMI
   82    | Exp . OR error SEMI
   83    | Exp . RELOP error SEMI
   84    | Exp . PLUS error SEMI
   85    | Exp . MINUS error SEMI
   86    | Exp . STAR error SEMI
   87    | Exp . DIV error SEMI
   89    | Exp . LB error RB

    ASSIGNOP  偏移，并进入状态 107
    RELOP     偏移，并进入状态 108
    PLUS      偏移，并进入状态 109
    MINUS     偏移，并进入状态 110
    STAR      偏移，并进入状态 111
    DIV       偏移，并进入状态 112
    AND       偏移，并进入状态 113
    OR        偏移，并进入状态 114
    DOT       偏移，并进入状态 115
    LB        偏移，并进入状态 116

    $default  使用规则 62 以归约 (Exp)


状态 132

   83 Exp: Exp RELOP error . SEMI

    SEMI  偏移，并进入状态 156


状态 133

   62 Exp: Exp . ASSIGNOP Exp
   63    | Exp . AND Exp
   64    | Exp . OR Exp
   65    | Exp . RELOP Exp
   65    | Exp RELOP Exp .
   66    | Exp . PLUS Exp
   67    | Exp . MINUS Exp
   68    | Exp . STAR Exp
   69    | Exp . DIV Exp
   75    | Exp . LB Exp RB
   76    | Exp . DOT ID
   80    | Exp . ASSIGNOP error SEMI
   81    | Exp . AND error SEMI
   82    | Exp . OR error SEMI
   83    | Exp . RELOP error SEMI
   84    | Exp . PLUS error SEMI
   85    | Exp . MINUS error SEMI
   86    | Exp . STAR error SEMI
   87    | Exp . DIV error SEMI
   89    | Exp . LB error RB

    PLUS   偏移，并进入状态 109
    MINUS  偏移，并进入状态 110
    STAR   偏移，并进入状态 111
    DIV    偏移，并进入状态 112
    DOT    偏移，并进入状态 115
    LB     偏移，并进入状态 116

    $default  使用规则 65 以归约 (Exp)


状态 134

   84 Exp: Exp PLUS error . SEMI

    SEMI  偏移，并进入状态 157


状态 135

   62 Exp: Exp . ASSIGNOP Exp
   63    | Exp . AND Exp
   64    | Exp . OR Exp
   65    | Exp . RELOP Exp
   66    | Exp . PLUS Exp
   66    | Exp PLUS Exp .
   67    | Exp . MINUS Exp
   68    | Exp . STAR Exp
   69    | Exp . DIV Exp
   75    | Exp . LB Exp RB
   76    | Exp . DOT ID
   80    | Exp . ASSIGNOP error SEMI
   81    | Exp . AND error SEMI
   82    | Exp . OR error SEMI
   83    | Exp . RELOP error SEMI
   84    | Exp . PLUS error SEMI
   85    | Exp . MINUS error SEMI
   86    | Exp . STAR error SEMI
   87    | Exp . DIV error SEMI
   89    | Exp . LB error RB

    STAR  偏移，并进入状态 111
    DIV   偏移，并进入状态 112
    DOT   偏移，并进入状态 115
    LB    偏移，并进入状态 116

    $default  使用规则 66 以归约 (Exp)


状态 136

   85 Exp: Exp MINUS error . SEMI

    SEMI  偏移，并进入状态 158


状态 137

   62 Exp: Exp . ASSIGNOP Exp
   63    | Exp . AND Exp
   64    | Exp . OR Exp
   65    | Exp . RELOP Exp
   66    | Exp . PLUS Exp
   67    | Exp . MINUS Exp
   67    | Exp MINUS Exp .
   68    | Exp . STAR Exp
   69    | Exp . DIV Exp
   75    | Exp . LB Exp RB
   76    | Exp . DOT ID
   80    | Exp . ASSIGNOP error SEMI
   81    | Exp . AND error SEMI
   82    | Exp . OR error SEMI
   83    | Exp . RELOP error SEMI
   84    | Exp . PLUS error SEMI
   85    | Exp . MINUS error SEMI
   86    | Exp . STAR error SEMI
   87    | Exp . DIV error SEMI
   89    | Exp . LB error RB

    STAR  偏移，并进入状态 111
    DIV   偏移，并进入状态 112
    DOT   偏移，并进入状态 115
    LB    偏移，并进入状态 116

    $default  使用规则 67 以归约 (Exp)


状态 138

   86 Exp: Exp STAR error . SEMI

    SEMI  偏移，并进入状态 159


状态 139

   62 Exp: Exp . ASSIGNOP Exp
   63    | Exp . AND Exp
   64    | Exp . OR Exp
   65    | Exp . RELOP Exp
   66    | Exp . PLUS Exp
   67    | Exp . MINUS Exp
   68    | Exp . STAR Exp
   68    | Exp STAR Exp .
   69    | Exp . DIV Exp
   75    | Exp . LB Exp RB
   76    | Exp . DOT ID
   80    | Exp . ASSIGNOP error SEMI
   81    | Exp . AND error SEMI
   82    | Exp . OR error SEMI
   83    | Exp . RELOP error SEMI
   84    | Exp . PLUS error SEMI
   85    | Exp . MINUS error SEMI
   86    | Exp . STAR error SEMI
   87    | Exp . DIV error SEMI
   89    | Exp . LB error RB

    DOT  偏移，并进入状态 115
    LB   偏移，并进入状态 116

    $default  使用规则 68 以归约 (Exp)


状态 140

   87 Exp: Exp DIV error . SEMI

    SEMI  偏移，并进入状态 160


状态 141

   62 Exp: Exp . ASSIGNOP Exp
   63    | Exp . AND Exp
   64    | Exp . OR Exp
   65    | Exp . RELOP Exp
   66    | Exp . PLUS Exp
   67    | Exp . MINUS Exp
   68    | Exp . STAR Exp
   69    | Exp . DIV Exp
   69    | Exp DIV Exp .
   75    | Exp . LB Exp RB
   76    | Exp . DOT ID
   80    | Exp . ASSIGNOP error SEMI
   81    | Exp . AND error SEMI
   82    | Exp . OR error SEMI
   83    | Exp . RELOP error SEMI
   84    | Exp . PLUS error SEMI
   85    | Exp . MINUS error SEMI
   86    | Exp . STAR error SEMI
   87    | Exp . DIV error SEMI
   89    | Exp . LB error RB

    DOT  偏移，并进入状态 115
    LB   偏移，并进入状态 116

    $default  使用规则 69 以归约 (Exp)


状态 142

   81 Exp: Exp AND error . SEMI

    SEMI  偏移，并进入状态 161


状态 143

   62 Exp: Exp . ASSIGNOP Exp
   63    | Exp . AND Exp
   63    | Exp AND Exp .
   64    | Exp . OR Exp
   65    | Exp . RELOP Exp
   66    | Exp . PLUS Exp
   67    | Exp . MINUS Exp
   68    | Exp . STAR Exp
   69    | Exp . DIV Exp
   75    | Exp . LB Exp RB
   76    | Exp . DOT ID
   80    | Exp . ASSIGNOP error SEMI
   81    | Exp . AND error SEMI
   82    | Exp . OR error SEMI
   83    | Exp . RELOP error SEMI
   84    | Exp . PLUS error SEMI
   85    | Exp . MINUS error SEMI
   86    | Exp . STAR error SEMI
   87    | Exp . DIV error SEMI
   89    | Exp . LB error RB

    RELOP  偏移，并进入状态 108
    PLUS   偏移，并进入状态 109
    MINUS  偏移，并进入状态 110
    STAR   偏移，并进入状态 111
    DIV    偏移，并进入状态 112
    DOT    偏移，并进入状态 115
    LB     偏移，并进入状态 116

    $default  使用规则 63 以归约 (Exp)


状态 144

   82 Exp: Exp OR error . SEMI

    SEMI  偏移，并进入状态 162


状态 145

   62 Exp: Exp . ASSIGNOP Exp
   63    | Exp . AND Exp
   64    | Exp . OR Exp
   64    | Exp OR Exp .
   65    | Exp . RELOP Exp
   66    | Exp . PLUS Exp
   67    | Exp . MINUS Exp
   68    | Exp . STAR Exp
   69    | Exp . DIV Exp
   75    | Exp . LB Exp RB
   76    | Exp . DOT ID
   80    | Exp . ASSIGNOP error SEMI
   81    | Exp . AND error SEMI
   82    | Exp . OR error SEMI
   83    | Exp . RELOP error SEMI
   84    | Exp . PLUS error SEMI
   85    | Exp . MINUS error SEMI
   86    | Exp . STAR error SEMI
   87    | Exp . DIV error SEMI
   89    | Exp . LB error RB

    RELOP  偏移，并进入状态 108
    PLUS   偏移，并进入状态 109
    MINUS  偏移，并进入状态 110
    STAR   偏移，并进入状态 111
    DIV    偏移，并进入状态 112
    AND    偏移，并进入状态 113
    DOT    偏移，并进入状态 115
    LB     偏移，并进入状态 116

    $default  使用规则 64 以归约 (Exp)


状态 146

   76 Exp: Exp DOT ID .

    $default  使用规则 76 以归约 (Exp)


状态 147

   89 Exp: Exp LB error . RB

    RB  偏移，并进入状态 163


状态 148

   62 Exp: Exp . ASSIGNOP Exp
   63    | Exp . AND Exp
   64    | Exp . OR Exp
   65    | Exp . RELOP Exp
   66    | Exp . PLUS Exp
   67    | Exp . MINUS Exp
   68    | Exp . STAR Exp
   69    | Exp . DIV Exp
   75    | Exp . LB Exp RB
   75    | Exp LB Exp . RB
   76    | Exp . DOT ID
   80    | Exp . ASSIGNOP error SEMI
   81    | Exp . AND error SEMI
   82    | Exp . OR error SEMI
   83    | Exp . RELOP error SEMI
   84    | Exp . PLUS error SEMI
   85    | Exp . MINUS error SEMI
   86    | Exp . STAR error SEMI
   87    | Exp . DIV error SEMI
   89    | Exp . LB error RB

    ASSIGNOP  偏移，并进入状态 107
    RELOP     偏移，并进入状态 108
    PLUS      偏移，并进入状态 109
    MINUS     偏移，并进入状态 110
    STAR      偏移，并进入状态 111
    DIV       偏移，并进入状态 112
    AND       偏移，并进入状态 113
    OR        偏移，并进入状态 114
    DOT       偏移，并进入状态 115
    LB        偏移，并进入状态 116
    RB        偏移，并进入状态 164


状态 149

   88 Exp: ID LP error SEMI .

    $default  使用规则 88 以归约 (Exp)


状态 150

   90 Args: Exp COMMA . Args

    INT    偏移，并进入状态 71
    FLOAT  偏移，并进入状态 72
    ID     偏移，并进入状态 73
    MINUS  偏移，并进入状态 74
    NOT    偏移，并进入状态 75
    LP     偏移，并进入状态 76

    Exp   转到状态 121
    Args  转到状态 165


状态 151

   73 Exp: ID LP Args RP .

    $default  使用规则 73 以归约 (Exp)


状态 152

   45 Stmt: IF error ELSE Stmt .

    $default  使用规则 45 以归约 (Stmt)


状态 153

   43 Stmt: IF LP Exp RP . Stmt
   44     | IF LP Exp RP . Stmt ELSE Stmt

    error   偏移，并进入状态 70
    INT     偏移，并进入状态 71
    FLOAT   偏移，并进入状态 72
    ID      偏移，并进入状态 73
    MINUS   偏移，并进入状态 74
    NOT     偏移，并进入状态 75
    LP      偏移，并进入状态 76
    LC      偏移，并进入状态 31
    RETURN  偏移，并进入状态 77
    IF      偏移，并进入状态 78
    WHILE   偏移，并进入状态 79

    CompSt  转到状态 80
    Stmt    转到状态 166
    Exp     转到状态 83


状态 154

   46 Stmt: WHILE LP Exp RP . Stmt

    error   偏移，并进入状态 70
    INT     偏移，并进入状态 71
    FLOAT   偏移，并进入状态 72
    ID      偏移，并进入状态 73
    MINUS   偏移，并进入状态 74
    NOT     偏移，并进入状态 75
    LP      偏移，并进入状态 76
    LC      偏移，并进入状态 31
    RETURN  偏移，并进入状态 77
    IF      偏移，并进入状态 78
    WHILE   偏移，并进入状态 79

    CompSt  转到状态 80
    Stmt    转到状态 167
    Exp     转到状态 83


状态 155

   80 Exp: Exp ASSIGNOP error SEMI .

    $default  使用规则 80 以归约 (Exp)


状态 156

   83 Exp: Exp RELOP error SEMI .

    $default  使用规则 83 以归约 (Exp)


状态 157

   84 Exp: Exp PLUS error SEMI .

    $default  使用规则 84 以归约 (Exp)


状态 158

   85 Exp: Exp MINUS error SEMI .

    $default  使用规则 85 以归约 (Exp)


状态 159

   86 Exp: Exp STAR error SEMI .

    $default  使用规则 86 以归约 (Exp)


状态 160

   87 Exp: Exp DIV error SEMI .

    $default  使用规则 87 以归约 (Exp)


状态 161

   81 Exp: Exp AND error SEMI .

    $default  使用规则 81 以归约 (Exp)


状态 162

   82 Exp: Exp OR error SEMI .

    $default  使用规则 82 以归约 (Exp)


状态 163

   89 Exp: Exp LB error RB .

    $default  使用规则 89 以归约 (Exp)


状态 164

   75 Exp: Exp LB Exp RB .

    $default  使用规则 75 以归约 (Exp)


状态 165

   90 Args: Exp COMMA Args .

    $default  使用规则 90 以归约 (Args)


状态 166

   43 Stmt: IF LP Exp RP Stmt .
   44     | IF LP Exp RP Stmt . ELSE Stmt

    ELSE  偏移，并进入状态 168

    $default  使用规则 43 以归约 (Stmt)


状态 167

   46 Stmt: WHILE LP Exp RP Stmt .

    $default  使用规则 46 以归约 (Stmt)


状态 168

   44 Stmt: IF LP Exp RP Stmt ELSE . Stmt

    error   偏移，并进入状态 70
    INT     偏移，并进入状态 71
    FLOAT   偏移，并进入状态 72
    ID      偏移，并进入状态 73
    MINUS   偏移，并进入状态 74
    NOT     偏移，并进入状态 75
    LP      偏移，并进入状态 76
    LC      偏移，并进入状态 31
    RETURN  偏移，并进入状态 77
    IF      偏移，并进入状态 78
    WHILE   偏移，并进入状态 79

    CompSt  转到状态 80
    Stmt    转到状态 169
    Exp     转到状态 83


状态 169

   44 Stmt: IF LP Exp RP Stmt ELSE Stmt .

    $default  使用规则 44 以归约 (Stmt)
